<?xml version="1.0" encoding="UTF-8"?>
<Site BuildName="(empty)"
	BuildStamp="20240701-0955-Experimental"
	Name="(empty)"
	Generator="ctest-3.29.3"
	CompilerName=""
	CompilerVersion=""
	OSName="Linux"
	Hostname="shard-aorus"
	OSRelease="6.8.0-36-generic"
	OSVersion="#36-Ubuntu SMP PREEMPT_DYNAMIC Mon Jun 10 10:49:14 UTC 2024"
	OSPlatform="x86_64"
	Is64Bits="1"
	VendorString="GenuineIntel"
	VendorID="Intel Corporation"
	FamilyID="6"
	ModelID="154"
	ProcessorCacheSize="24576"
	NumberOfLogicalCPU="20"
	NumberOfPhysicalCPU="14"
	TotalVirtualMemory="4095"
	TotalPhysicalMemory="15655"
	LogicalProcessorsPerPhysical="1"
	ProcessorClockFrequency="4100"
	>
	<Testing>
		<StartDateTime>Jul 01 12:55 MSK</StartDateTime>
		<StartTestTime>1719827743</StartTestTime>
		<TestList/>
		<EndDateTime>Jul 01 12:55 MSK</EndDateTime>
		<EndTestTime>1719827743</EndTestTime>
		<ElapsedMinutes>0</ElapsedMinutes>
	</Testing>
</Site>
